{
  "RSpec": {
    "coverage": {
      "/Users/froontown/challenges/breakable-toy/sound_bug/app/models/user.rb": [
        1,
        null,
        1,
        1,
        1,
        1,
        null,
        null,
        null,
        null,
        1,
        null,
        null
      ],
      "/Users/froontown/challenges/breakable-toy/sound_bug/app/models/application_record.rb": [
        1,
        1,
        null
      ],
      "/Users/froontown/challenges/breakable-toy/sound_bug/app/helpers/application_helper.rb": [
        1,
        null
      ],
      "/Users/froontown/challenges/breakable-toy/sound_bug/app/controllers/application_controller.rb": [
        1,
        1,
        null,
        1,
        null,
        1,
        null,
        1,
        null,
        1,
        21,
        21,
        null,
        null
      ],
      "/Users/froontown/challenges/breakable-toy/sound_bug/app/controllers/songs_controller.rb": [
        1,
        null,
        1,
        5,
        0,
        null,
        5,
        null,
        5,
        null,
        null,
        1,
        0,
        0,
        null,
        null,
        null
      ],
      "/Users/froontown/challenges/breakable-toy/sound_bug/app/models/song.rb": [
        1,
        1,
        null,
        1,
        1,
        1,
        null,
        1,
        0,
        0,
        null,
        0,
        null,
        null,
        null
      ],
      "/Users/froontown/challenges/breakable-toy/sound_bug/app/channels/application_cable/channel.rb": [
        0,
        0,
        0,
        0
      ],
      "/Users/froontown/challenges/breakable-toy/sound_bug/app/channels/application_cable/connection.rb": [
        0,
        0,
        0,
        0
      ],
      "/Users/froontown/challenges/breakable-toy/sound_bug/app/controllers/users_controller.rb": [
        0,
        0,
        0,
        0,
        0,
        0,
        0,
        0,
        0,
        0,
        0,
        0,
        0,
        0,
        0,
        0,
        0,
        0,
        0,
        0,
        0,
        0,
        0,
        0
      ],
      "/Users/froontown/challenges/breakable-toy/sound_bug/app/jobs/application_job.rb": [
        0,
        0
      ],
      "/Users/froontown/challenges/breakable-toy/sound_bug/app/mailers/application_mailer.rb": [
        0,
        0,
        0,
        0
      ]
    },
    "timestamp": 1485881008
  }
}
